2023-04-28 10:48:01.509  WARN 8152 --- [pool-hikari-casa_san_roque housekeeper] com.zaxxer.hikari.pool.HikariPool        : pool-hikari-casa_san_roque - Thread starvation or clock leap detected (housekeeper delta=1d17h44m28s456ms595µs700ns).
2023-04-28 14:08:53.323  WARN 8152 --- [pool-hikari-casa_san_roque housekeeper] com.zaxxer.hikari.pool.HikariPool        : pool-hikari-casa_san_roque - Thread starvation or clock leap detected (housekeeper delta=3h3m28s196ms340µs400ns).
2023-04-28 14:23:40.511  INFO 4932 --- [main] c.c.s.r.f.FerreteriaApplicationTests     : Starting FerreteriaApplicationTests using Java 1.8.0_351 on DESKTOP-NUTBLOB with PID 4932 (started by Matias Casco in C:\Users\Matias Casco\Proyecto\ferreteria)
2023-04-28 14:23:40.527  INFO 4932 --- [main] c.c.s.r.f.FerreteriaApplicationTests     : No active profile set, falling back to 1 default profile: "default"
2023-04-28 14:23:43.268  INFO 4932 --- [main] .s.d.r.c.RepositoryConfigurationDelegate : Bootstrapping Spring Data JPA repositories in DEFAULT mode.
2023-04-28 14:23:43.722  INFO 4932 --- [main] .s.d.r.c.RepositoryConfigurationDelegate : Finished Spring Data repository scanning in 413 ms. Found 9 JPA repository interfaces.
2023-04-28 14:23:48.828  INFO 4932 --- [main] o.hibernate.jpa.internal.util.LogHelper  : HHH000204: Processing PersistenceUnitInfo [name: default]
2023-04-28 14:23:49.207  INFO 4932 --- [main] org.hibernate.Version                    : HHH000412: Hibernate ORM core version 5.6.14.Final
2023-04-28 14:23:50.473  INFO 4932 --- [main] o.hibernate.annotations.common.Version   : HCANN000001: Hibernate Commons Annotations {5.1.2.Final}
2023-04-28 14:23:51.930  INFO 4932 --- [main] com.zaxxer.hikari.HikariDataSource       : pool-hikari-casa_san_roque - Starting...
2023-04-28 14:23:51.952  WARN 4932 --- [main] com.zaxxer.hikari.util.DriverDataSource  : Registered driver with driverClassName=com.mysql.jdbc.Driver was not found, trying direct instantiation.
2023-04-28 14:23:52.753  INFO 4932 --- [main] com.zaxxer.hikari.HikariDataSource       : pool-hikari-casa_san_roque - Start completed.
2023-04-28 14:23:52.854  INFO 4932 --- [main] org.hibernate.dialect.Dialect            : HHH000400: Using dialect: org.hibernate.dialect.MySQL5Dialect
2023-04-28 14:23:57.251  INFO 4932 --- [main] o.h.e.t.j.p.i.JtaPlatformInitiator       : HHH000490: Using JtaPlatform implementation: [org.hibernate.engine.transaction.jta.platform.internal.NoJtaPlatform]
2023-04-28 14:23:57.298  INFO 4932 --- [main] j.LocalContainerEntityManagerFactoryBean : Initialized JPA EntityManagerFactory for persistence unit 'default'
2023-04-28 14:24:05.669  WARN 4932 --- [main] JpaBaseConfiguration$JpaWebConfiguration : spring.jpa.open-in-view is enabled by default. Therefore, database queries may be performed during view rendering. Explicitly configure spring.jpa.open-in-view to disable this warning
2023-04-28 14:24:13.900  INFO 4932 --- [main] c.c.s.r.f.FerreteriaApplicationTests     : Started FerreteriaApplicationTests in 34.818 seconds (JVM running for 40.116)
2023-04-28 14:24:14.686  INFO 4932 --- [SpringApplicationShutdownHook] j.LocalContainerEntityManagerFactoryBean : Closing JPA EntityManagerFactory for persistence unit 'default'
2023-04-28 14:24:14.686  INFO 4932 --- [SpringApplicationShutdownHook] .SchemaDropperImpl$DelayedDropActionImpl : HHH000477: Starting delayed evictData of schema as part of SessionFactory shut-down'
2023-04-28 14:24:14.764  INFO 4932 --- [SpringApplicationShutdownHook] com.zaxxer.hikari.HikariDataSource       : pool-hikari-casa_san_roque - Shutdown initiated...
2023-04-28 14:24:14.802  INFO 4932 --- [SpringApplicationShutdownHook] com.zaxxer.hikari.HikariDataSource       : pool-hikari-casa_san_roque - Shutdown completed.
2023-04-28 14:25:35.335  INFO 13320 --- [main] c.c.s.r.f.FerreteriaApplication          : Starting FerreteriaApplication using Java 1.8.0_351 on DESKTOP-NUTBLOB with PID 13320 (C:\Users\Matias Casco\Proyecto\ferreteria\target\classes started by Matias Casco in C:\Users\Matias Casco\Proyecto\ferreteria)
2023-04-28 14:25:35.351  INFO 13320 --- [main] c.c.s.r.f.FerreteriaApplication          : No active profile set, falling back to 1 default profile: "default"
2023-04-28 14:25:38.198  INFO 13320 --- [main] .s.d.r.c.RepositoryConfigurationDelegate : Bootstrapping Spring Data JPA repositories in DEFAULT mode.
2023-04-28 14:25:38.654  INFO 13320 --- [main] .s.d.r.c.RepositoryConfigurationDelegate : Finished Spring Data repository scanning in 410 ms. Found 9 JPA repository interfaces.
2023-04-28 14:25:44.134  INFO 13320 --- [main] o.s.b.w.embedded.tomcat.TomcatWebServer  : Tomcat initialized with port(s): 8080 (http)
2023-04-28 14:25:44.175  INFO 13320 --- [main] o.apache.catalina.core.StandardService   : Starting service [Tomcat]
2023-04-28 14:25:44.175  INFO 13320 --- [main] org.apache.catalina.core.StandardEngine  : Starting Servlet engine: [Apache Tomcat/9.0.71]
2023-04-28 14:25:44.930  INFO 13320 --- [main] o.a.c.c.C.[.[.[/casa.san.roque]          : Initializing Spring embedded WebApplicationContext
2023-04-28 14:25:44.932  INFO 13320 --- [main] w.s.c.ServletWebServerApplicationContext : Root WebApplicationContext: initialization completed in 9309 ms
2023-04-28 14:25:46.219  INFO 13320 --- [main] o.hibernate.jpa.internal.util.LogHelper  : HHH000204: Processing PersistenceUnitInfo [name: default]
2023-04-28 14:25:46.468  INFO 13320 --- [main] org.hibernate.Version                    : HHH000412: Hibernate ORM core version 5.6.14.Final
2023-04-28 14:25:47.378  INFO 13320 --- [main] o.hibernate.annotations.common.Version   : HCANN000001: Hibernate Commons Annotations {5.1.2.Final}
2023-04-28 14:25:47.908  INFO 13320 --- [main] com.zaxxer.hikari.HikariDataSource       : pool-hikari-casa_san_roque - Starting...
2023-04-28 14:25:47.920  WARN 13320 --- [main] com.zaxxer.hikari.util.DriverDataSource  : Registered driver with driverClassName=com.mysql.jdbc.Driver was not found, trying direct instantiation.
2023-04-28 14:25:48.684  INFO 13320 --- [main] com.zaxxer.hikari.HikariDataSource       : pool-hikari-casa_san_roque - Start completed.
2023-04-28 14:25:48.753  INFO 13320 --- [main] org.hibernate.dialect.Dialect            : HHH000400: Using dialect: org.hibernate.dialect.MySQL5Dialect
2023-04-28 14:25:52.656  INFO 13320 --- [main] o.h.e.t.j.p.i.JtaPlatformInitiator       : HHH000490: Using JtaPlatform implementation: [org.hibernate.engine.transaction.jta.platform.internal.NoJtaPlatform]
2023-04-28 14:25:52.687  INFO 13320 --- [main] j.LocalContainerEntityManagerFactoryBean : Initialized JPA EntityManagerFactory for persistence unit 'default'
2023-04-28 14:25:57.470  WARN 13320 --- [main] JpaBaseConfiguration$JpaWebConfiguration : spring.jpa.open-in-view is enabled by default. Therefore, database queries may be performed during view rendering. Explicitly configure spring.jpa.open-in-view to disable this warning
2023-04-28 14:26:02.437  INFO 13320 --- [main] o.s.b.w.embedded.tomcat.TomcatWebServer  : Tomcat started on port(s): 8080 (http) with context path '/casa.san.roque'
2023-04-28 14:26:02.476  INFO 13320 --- [main] c.c.s.r.f.FerreteriaApplication          : Started FerreteriaApplication in 29.018 seconds (JVM running for 30.832)
2023-04-28 14:27:11.275  INFO 13320 --- [http-nio-8080-exec-1] o.a.c.c.C.[.[.[/casa.san.roque]          : Initializing Spring DispatcherServlet 'dispatcherServlet'
2023-04-28 14:27:11.275  INFO 13320 --- [http-nio-8080-exec-1] o.s.web.servlet.DispatcherServlet        : Initializing Servlet 'dispatcherServlet'
2023-04-28 14:27:11.275  INFO 13320 --- [http-nio-8080-exec-1] o.s.web.servlet.DispatcherServlet        : Completed initialization in 0 ms
2023-04-28 14:35:37.215  INFO 5080 --- [main] c.c.s.r.f.FerreteriaApplicationTests     : Starting FerreteriaApplicationTests using Java 1.8.0_351 on DESKTOP-NUTBLOB with PID 5080 (started by Matias Casco in C:\Users\Matias Casco\Proyecto\ferreteria)
2023-04-28 14:35:37.225  INFO 5080 --- [main] c.c.s.r.f.FerreteriaApplicationTests     : No active profile set, falling back to 1 default profile: "default"
2023-04-28 14:35:40.594  INFO 5080 --- [main] .s.d.r.c.RepositoryConfigurationDelegate : Bootstrapping Spring Data JPA repositories in DEFAULT mode.
2023-04-28 14:35:41.266  INFO 5080 --- [main] .s.d.r.c.RepositoryConfigurationDelegate : Finished Spring Data repository scanning in 546 ms. Found 9 JPA repository interfaces.
2023-04-28 14:35:46.476  INFO 5080 --- [main] o.hibernate.jpa.internal.util.LogHelper  : HHH000204: Processing PersistenceUnitInfo [name: default]
2023-04-28 14:35:47.015  INFO 5080 --- [main] org.hibernate.Version                    : HHH000412: Hibernate ORM core version 5.6.14.Final
2023-04-28 14:35:48.141  INFO 5080 --- [main] o.hibernate.annotations.common.Version   : HCANN000001: Hibernate Commons Annotations {5.1.2.Final}
2023-04-28 14:35:49.579  INFO 5080 --- [main] com.zaxxer.hikari.HikariDataSource       : pool-hikari-casa_san_roque - Starting...
2023-04-28 14:35:49.600  WARN 5080 --- [main] com.zaxxer.hikari.util.DriverDataSource  : Registered driver with driverClassName=com.mysql.jdbc.Driver was not found, trying direct instantiation.
2023-04-28 14:35:50.459  INFO 5080 --- [main] com.zaxxer.hikari.HikariDataSource       : pool-hikari-casa_san_roque - Start completed.
2023-04-28 14:35:50.544  INFO 5080 --- [main] org.hibernate.dialect.Dialect            : HHH000400: Using dialect: org.hibernate.dialect.MySQL5Dialect
2023-04-28 14:35:54.763  INFO 5080 --- [main] o.h.e.t.j.p.i.JtaPlatformInitiator       : HHH000490: Using JtaPlatform implementation: [org.hibernate.engine.transaction.jta.platform.internal.NoJtaPlatform]
2023-04-28 14:35:54.826  INFO 5080 --- [main] j.LocalContainerEntityManagerFactoryBean : Initialized JPA EntityManagerFactory for persistence unit 'default'
2023-04-28 14:36:01.532  WARN 5080 --- [main] JpaBaseConfiguration$JpaWebConfiguration : spring.jpa.open-in-view is enabled by default. Therefore, database queries may be performed during view rendering. Explicitly configure spring.jpa.open-in-view to disable this warning
2023-04-28 14:36:10.341  INFO 5080 --- [main] c.c.s.r.f.FerreteriaApplicationTests     : Started FerreteriaApplicationTests in 34.771 seconds (JVM running for 39.776)
2023-04-28 14:36:11.024  INFO 5080 --- [SpringApplicationShutdownHook] j.LocalContainerEntityManagerFactoryBean : Closing JPA EntityManagerFactory for persistence unit 'default'
2023-04-28 14:36:11.032  INFO 5080 --- [SpringApplicationShutdownHook] .SchemaDropperImpl$DelayedDropActionImpl : HHH000477: Starting delayed evictData of schema as part of SessionFactory shut-down'
2023-04-28 14:36:11.123  INFO 5080 --- [SpringApplicationShutdownHook] com.zaxxer.hikari.HikariDataSource       : pool-hikari-casa_san_roque - Shutdown initiated...
2023-04-28 14:36:11.170  INFO 5080 --- [SpringApplicationShutdownHook] com.zaxxer.hikari.HikariDataSource       : pool-hikari-casa_san_roque - Shutdown completed.
2023-04-28 14:37:19.394  INFO 16104 --- [main] c.c.s.r.f.FerreteriaApplication          : Starting FerreteriaApplication using Java 1.8.0_351 on DESKTOP-NUTBLOB with PID 16104 (C:\Users\Matias Casco\Proyecto\ferreteria\target\classes started by Matias Casco in C:\Users\Matias Casco\Proyecto\ferreteria)
2023-04-28 14:37:19.410  INFO 16104 --- [main] c.c.s.r.f.FerreteriaApplication          : No active profile set, falling back to 1 default profile: "default"
2023-04-28 14:37:21.932  INFO 16104 --- [main] .s.d.r.c.RepositoryConfigurationDelegate : Bootstrapping Spring Data JPA repositories in DEFAULT mode.
2023-04-28 14:37:22.318  INFO 16104 --- [main] .s.d.r.c.RepositoryConfigurationDelegate : Finished Spring Data repository scanning in 346 ms. Found 9 JPA repository interfaces.
2023-04-28 14:37:26.826  INFO 16104 --- [main] o.s.b.w.embedded.tomcat.TomcatWebServer  : Tomcat initialized with port(s): 8080 (http)
2023-04-28 14:37:26.875  INFO 16104 --- [main] o.apache.catalina.core.StandardService   : Starting service [Tomcat]
2023-04-28 14:37:26.877  INFO 16104 --- [main] org.apache.catalina.core.StandardEngine  : Starting Servlet engine: [Apache Tomcat/9.0.71]
2023-04-28 14:37:27.641  INFO 16104 --- [main] o.a.c.c.C.[.[.[/casa.san.roque]          : Initializing Spring embedded WebApplicationContext
2023-04-28 14:37:27.641  INFO 16104 --- [main] w.s.c.ServletWebServerApplicationContext : Root WebApplicationContext: initialization completed in 7951 ms
2023-04-28 14:37:28.953  INFO 16104 --- [main] o.hibernate.jpa.internal.util.LogHelper  : HHH000204: Processing PersistenceUnitInfo [name: default]
2023-04-28 14:37:29.149  INFO 16104 --- [main] org.hibernate.Version                    : HHH000412: Hibernate ORM core version 5.6.14.Final
2023-04-28 14:37:29.879  INFO 16104 --- [main] o.hibernate.annotations.common.Version   : HCANN000001: Hibernate Commons Annotations {5.1.2.Final}
2023-04-28 14:37:30.407  INFO 16104 --- [main] com.zaxxer.hikari.HikariDataSource       : pool-hikari-casa_san_roque - Starting...
2023-04-28 14:37:30.427  WARN 16104 --- [main] com.zaxxer.hikari.util.DriverDataSource  : Registered driver with driverClassName=com.mysql.jdbc.Driver was not found, trying direct instantiation.
2023-04-28 14:37:31.180  INFO 16104 --- [main] com.zaxxer.hikari.HikariDataSource       : pool-hikari-casa_san_roque - Start completed.
2023-04-28 14:37:31.249  INFO 16104 --- [main] org.hibernate.dialect.Dialect            : HHH000400: Using dialect: org.hibernate.dialect.MySQL5Dialect
2023-04-28 14:37:35.151  INFO 16104 --- [main] o.h.e.t.j.p.i.JtaPlatformInitiator       : HHH000490: Using JtaPlatform implementation: [org.hibernate.engine.transaction.jta.platform.internal.NoJtaPlatform]
2023-04-28 14:37:35.189  INFO 16104 --- [main] j.LocalContainerEntityManagerFactoryBean : Initialized JPA EntityManagerFactory for persistence unit 'default'
2023-04-28 14:37:39.932  WARN 16104 --- [main] JpaBaseConfiguration$JpaWebConfiguration : spring.jpa.open-in-view is enabled by default. Therefore, database queries may be performed during view rendering. Explicitly configure spring.jpa.open-in-view to disable this warning
2023-04-28 14:37:44.707  INFO 16104 --- [main] o.s.b.w.embedded.tomcat.TomcatWebServer  : Tomcat started on port(s): 8080 (http) with context path '/casa.san.roque'
2023-04-28 14:37:44.748  INFO 16104 --- [main] c.c.s.r.f.FerreteriaApplication          : Started FerreteriaApplication in 27.242 seconds (JVM running for 29.03)
2023-04-28 14:38:41.227  INFO 16104 --- [http-nio-8080-exec-1] o.a.c.c.C.[.[.[/casa.san.roque]          : Initializing Spring DispatcherServlet 'dispatcherServlet'
2023-04-28 14:38:41.227  INFO 16104 --- [http-nio-8080-exec-1] o.s.web.servlet.DispatcherServlet        : Initializing Servlet 'dispatcherServlet'
2023-04-28 14:38:41.227  INFO 16104 --- [http-nio-8080-exec-1] o.s.web.servlet.DispatcherServlet        : Completed initialization in 0 ms
2023-04-28 14:39:47.547  INFO 18520 --- [main] c.c.s.r.f.FerreteriaApplication          : Starting FerreteriaApplication using Java 1.8.0_351 on DESKTOP-NUTBLOB with PID 18520 (C:\Users\Matias Casco\Proyecto\ferreteria\target\classes started by Matias Casco in C:\Users\Matias Casco\Proyecto\ferreteria)
2023-04-28 14:39:47.562  INFO 18520 --- [main] c.c.s.r.f.FerreteriaApplication          : No active profile set, falling back to 1 default profile: "default"
2023-04-28 14:39:50.185  INFO 18520 --- [main] .s.d.r.c.RepositoryConfigurationDelegate : Bootstrapping Spring Data JPA repositories in DEFAULT mode.
2023-04-28 14:39:50.596  INFO 18520 --- [main] .s.d.r.c.RepositoryConfigurationDelegate : Finished Spring Data repository scanning in 354 ms. Found 9 JPA repository interfaces.
2023-04-28 14:39:55.135  INFO 18520 --- [main] o.s.b.w.embedded.tomcat.TomcatWebServer  : Tomcat initialized with port(s): 8080 (http)
2023-04-28 14:39:55.186  INFO 18520 --- [main] o.apache.catalina.core.StandardService   : Starting service [Tomcat]
2023-04-28 14:39:55.186  INFO 18520 --- [main] org.apache.catalina.core.StandardEngine  : Starting Servlet engine: [Apache Tomcat/9.0.71]
2023-04-28 14:39:55.934  INFO 18520 --- [main] o.a.c.c.C.[.[.[/casa.san.roque]          : Initializing Spring embedded WebApplicationContext
2023-04-28 14:39:55.934  INFO 18520 --- [main] w.s.c.ServletWebServerApplicationContext : Root WebApplicationContext: initialization completed in 8041 ms
2023-04-28 14:39:57.220  INFO 18520 --- [main] o.hibernate.jpa.internal.util.LogHelper  : HHH000204: Processing PersistenceUnitInfo [name: default]
2023-04-28 14:39:57.470  INFO 18520 --- [main] org.hibernate.Version                    : HHH000412: Hibernate ORM core version 5.6.14.Final
2023-04-28 14:39:58.211  INFO 18520 --- [main] o.hibernate.annotations.common.Version   : HCANN000001: Hibernate Commons Annotations {5.1.2.Final}
2023-04-28 14:39:58.771  INFO 18520 --- [main] com.zaxxer.hikari.HikariDataSource       : pool-hikari-casa_san_roque - Starting...
2023-04-28 14:39:58.791  WARN 18520 --- [main] com.zaxxer.hikari.util.DriverDataSource  : Registered driver with driverClassName=com.mysql.jdbc.Driver was not found, trying direct instantiation.
2023-04-28 14:39:59.553  INFO 18520 --- [main] com.zaxxer.hikari.HikariDataSource       : pool-hikari-casa_san_roque - Start completed.
2023-04-28 14:39:59.626  INFO 18520 --- [main] org.hibernate.dialect.Dialect            : HHH000400: Using dialect: org.hibernate.dialect.MySQL5Dialect
2023-04-28 14:40:03.851  INFO 18520 --- [main] o.h.e.t.j.p.i.JtaPlatformInitiator       : HHH000490: Using JtaPlatform implementation: [org.hibernate.engine.transaction.jta.platform.internal.NoJtaPlatform]
2023-04-28 14:40:03.898  INFO 18520 --- [main] j.LocalContainerEntityManagerFactoryBean : Initialized JPA EntityManagerFactory for persistence unit 'default'
2023-04-28 14:40:08.549  WARN 18520 --- [main] JpaBaseConfiguration$JpaWebConfiguration : spring.jpa.open-in-view is enabled by default. Therefore, database queries may be performed during view rendering. Explicitly configure spring.jpa.open-in-view to disable this warning
2023-04-28 14:40:13.577  WARN 18520 --- [main] ConfigServletWebServerApplicationContext : Exception encountered during context initialization - cancelling refresh attempt: org.springframework.context.ApplicationContextException: Failed to start bean 'webServerStartStop'; nested exception is org.springframework.boot.web.server.PortInUseException: Port 8080 is already in use
2023-04-28 14:40:13.608  INFO 18520 --- [main] j.LocalContainerEntityManagerFactoryBean : Closing JPA EntityManagerFactory for persistence unit 'default'
2023-04-28 14:40:13.608  INFO 18520 --- [main] .SchemaDropperImpl$DelayedDropActionImpl : HHH000477: Starting delayed evictData of schema as part of SessionFactory shut-down'
2023-04-28 14:40:13.679  INFO 18520 --- [main] com.zaxxer.hikari.HikariDataSource       : pool-hikari-casa_san_roque - Shutdown initiated...
2023-04-28 14:40:13.730  INFO 18520 --- [main] com.zaxxer.hikari.HikariDataSource       : pool-hikari-casa_san_roque - Shutdown completed.
2023-04-28 14:40:13.740  INFO 18520 --- [main] o.apache.catalina.core.StandardService   : Stopping service [Tomcat]
2023-04-28 14:40:13.802  INFO 18520 --- [main] ConditionEvaluationReportLoggingListener : 

Error starting ApplicationContext. To display the conditions report re-run your application with 'debug' enabled.
2023-04-28 14:40:13.953 ERROR 18520 --- [main] o.s.b.d.LoggingFailureAnalysisReporter   : 

***************************
APPLICATION FAILED TO START
***************************

Description:

Web server failed to start. Port 8080 was already in use.

Action:

Identify and stop the process that's listening on port 8080 or configure this application to listen on another port.

2023-04-28 14:41:10.587  INFO 13512 --- [main] c.c.s.r.f.FerreteriaApplicationTests     : Starting FerreteriaApplicationTests using Java 1.8.0_351 on DESKTOP-NUTBLOB with PID 13512 (started by Matias Casco in C:\Users\Matias Casco\Proyecto\ferreteria)
2023-04-28 14:41:10.602  INFO 13512 --- [main] c.c.s.r.f.FerreteriaApplicationTests     : No active profile set, falling back to 1 default profile: "default"
2023-04-28 14:41:13.417  INFO 13512 --- [main] .s.d.r.c.RepositoryConfigurationDelegate : Bootstrapping Spring Data JPA repositories in DEFAULT mode.
2023-04-28 14:41:13.963  INFO 13512 --- [main] .s.d.r.c.RepositoryConfigurationDelegate : Finished Spring Data repository scanning in 445 ms. Found 9 JPA repository interfaces.
2023-04-28 14:41:18.151  INFO 13512 --- [main] o.hibernate.jpa.internal.util.LogHelper  : HHH000204: Processing PersistenceUnitInfo [name: default]
2023-04-28 14:41:18.506  INFO 13512 --- [main] org.hibernate.Version                    : HHH000412: Hibernate ORM core version 5.6.14.Final
2023-04-28 14:41:19.633  INFO 13512 --- [main] o.hibernate.annotations.common.Version   : HCANN000001: Hibernate Commons Annotations {5.1.2.Final}
2023-04-28 14:41:21.032  INFO 13512 --- [main] com.zaxxer.hikari.HikariDataSource       : pool-hikari-casa_san_roque - Starting...
2023-04-28 14:41:21.061  WARN 13512 --- [main] com.zaxxer.hikari.util.DriverDataSource  : Registered driver with driverClassName=com.mysql.jdbc.Driver was not found, trying direct instantiation.
2023-04-28 14:41:21.931  INFO 13512 --- [main] com.zaxxer.hikari.HikariDataSource       : pool-hikari-casa_san_roque - Start completed.
2023-04-28 14:41:22.012  INFO 13512 --- [main] org.hibernate.dialect.Dialect            : HHH000400: Using dialect: org.hibernate.dialect.MySQL5Dialect
2023-04-28 14:41:26.078  INFO 13512 --- [main] o.h.e.t.j.p.i.JtaPlatformInitiator       : HHH000490: Using JtaPlatform implementation: [org.hibernate.engine.transaction.jta.platform.internal.NoJtaPlatform]
2023-04-28 14:41:26.132  INFO 13512 --- [main] j.LocalContainerEntityManagerFactoryBean : Initialized JPA EntityManagerFactory for persistence unit 'default'
2023-04-28 14:41:32.860  WARN 13512 --- [main] JpaBaseConfiguration$JpaWebConfiguration : spring.jpa.open-in-view is enabled by default. Therefore, database queries may be performed during view rendering. Explicitly configure spring.jpa.open-in-view to disable this warning
2023-04-28 14:41:41.185  INFO 13512 --- [main] c.c.s.r.f.FerreteriaApplicationTests     : Started FerreteriaApplicationTests in 32.126 seconds (JVM running for 37.219)
2023-04-28 14:41:41.837  INFO 13512 --- [SpringApplicationShutdownHook] j.LocalContainerEntityManagerFactoryBean : Closing JPA EntityManagerFactory for persistence unit 'default'
2023-04-28 14:41:41.848  INFO 13512 --- [SpringApplicationShutdownHook] .SchemaDropperImpl$DelayedDropActionImpl : HHH000477: Starting delayed evictData of schema as part of SessionFactory shut-down'
2023-04-28 14:41:41.949  INFO 13512 --- [SpringApplicationShutdownHook] com.zaxxer.hikari.HikariDataSource       : pool-hikari-casa_san_roque - Shutdown initiated...
2023-04-28 14:41:41.998  INFO 13512 --- [SpringApplicationShutdownHook] com.zaxxer.hikari.HikariDataSource       : pool-hikari-casa_san_roque - Shutdown completed.
2023-04-28 14:42:17.767  INFO 9012 --- [main] c.c.s.r.f.FerreteriaApplication          : Starting FerreteriaApplication using Java 1.8.0_351 on DESKTOP-NUTBLOB with PID 9012 (C:\Users\Matias Casco\Proyecto\ferreteria\target\classes started by Matias Casco in C:\Users\Matias Casco\Proyecto\ferreteria)
2023-04-28 14:42:17.783  INFO 9012 --- [main] c.c.s.r.f.FerreteriaApplication          : No active profile set, falling back to 1 default profile: "default"
2023-04-28 14:42:20.379  INFO 9012 --- [main] .s.d.r.c.RepositoryConfigurationDelegate : Bootstrapping Spring Data JPA repositories in DEFAULT mode.
2023-04-28 14:42:20.766  INFO 9012 --- [main] .s.d.r.c.RepositoryConfigurationDelegate : Finished Spring Data repository scanning in 349 ms. Found 9 JPA repository interfaces.
2023-04-28 14:42:25.249  INFO 9012 --- [main] o.s.b.w.embedded.tomcat.TomcatWebServer  : Tomcat initialized with port(s): 8080 (http)
2023-04-28 14:42:25.299  INFO 9012 --- [main] o.apache.catalina.core.StandardService   : Starting service [Tomcat]
2023-04-28 14:42:25.307  INFO 9012 --- [main] org.apache.catalina.core.StandardEngine  : Starting Servlet engine: [Apache Tomcat/9.0.71]
2023-04-28 14:42:26.054  INFO 9012 --- [main] o.a.c.c.C.[.[.[/casa.san.roque]          : Initializing Spring embedded WebApplicationContext
2023-04-28 14:42:26.054  INFO 9012 --- [main] w.s.c.ServletWebServerApplicationContext : Root WebApplicationContext: initialization completed in 7999 ms
2023-04-28 14:42:27.282  INFO 9012 --- [main] o.hibernate.jpa.internal.util.LogHelper  : HHH000204: Processing PersistenceUnitInfo [name: default]
2023-04-28 14:42:27.502  INFO 9012 --- [main] org.hibernate.Version                    : HHH000412: Hibernate ORM core version 5.6.14.Final
2023-04-28 14:42:28.281  INFO 9012 --- [main] o.hibernate.annotations.common.Version   : HCANN000001: Hibernate Commons Annotations {5.1.2.Final}
2023-04-28 14:42:28.873  INFO 9012 --- [main] com.zaxxer.hikari.HikariDataSource       : pool-hikari-casa_san_roque - Starting...
2023-04-28 14:42:28.897  WARN 9012 --- [main] com.zaxxer.hikari.util.DriverDataSource  : Registered driver with driverClassName=com.mysql.jdbc.Driver was not found, trying direct instantiation.
2023-04-28 14:42:29.672  INFO 9012 --- [main] com.zaxxer.hikari.HikariDataSource       : pool-hikari-casa_san_roque - Start completed.
2023-04-28 14:42:29.752  INFO 9012 --- [main] org.hibernate.dialect.Dialect            : HHH000400: Using dialect: org.hibernate.dialect.MySQL5Dialect
2023-04-28 14:42:33.721  INFO 9012 --- [main] o.h.e.t.j.p.i.JtaPlatformInitiator       : HHH000490: Using JtaPlatform implementation: [org.hibernate.engine.transaction.jta.platform.internal.NoJtaPlatform]
2023-04-28 14:42:33.753  INFO 9012 --- [main] j.LocalContainerEntityManagerFactoryBean : Initialized JPA EntityManagerFactory for persistence unit 'default'
2023-04-28 14:42:38.643  WARN 9012 --- [main] JpaBaseConfiguration$JpaWebConfiguration : spring.jpa.open-in-view is enabled by default. Therefore, database queries may be performed during view rendering. Explicitly configure spring.jpa.open-in-view to disable this warning
2023-04-28 14:42:43.201  INFO 9012 --- [main] o.s.b.w.embedded.tomcat.TomcatWebServer  : Tomcat started on port(s): 8080 (http) with context path '/casa.san.roque'
2023-04-28 14:42:43.241  INFO 9012 --- [main] c.c.s.r.f.FerreteriaApplication          : Started FerreteriaApplication in 27.354 seconds (JVM running for 29.178)
2023-04-28 14:48:34.730  INFO 9012 --- [http-nio-8080-exec-1] o.a.c.c.C.[.[.[/casa.san.roque]          : Initializing Spring DispatcherServlet 'dispatcherServlet'
2023-04-28 14:48:34.730  INFO 9012 --- [http-nio-8080-exec-1] o.s.web.servlet.DispatcherServlet        : Initializing Servlet 'dispatcherServlet'
2023-04-28 14:48:34.738  INFO 9012 --- [http-nio-8080-exec-1] o.s.web.servlet.DispatcherServlet        : Completed initialization in 8 ms
